Determining if files usbhid.h exist failed with the following output:
Change Dir: /home/lukasz/Downloads/freeglut-3.2.1/CMakeFiles/CMakeTmp

Run Build Command(s):/usr/bin/make cmTC_dc4bc/fast && /usr/bin/make -f CMakeFiles/cmTC_dc4bc.dir/build.make CMakeFiles/cmTC_dc4bc.dir/build
make[1]: Entering directory '/home/lukasz/Downloads/freeglut-3.2.1/CMakeFiles/CMakeTmp'
Building C object CMakeFiles/cmTC_dc4bc.dir/HAVE_USBHID_H.c.o
/usr/bin/cc   -Wall -pedantic    -o CMakeFiles/cmTC_dc4bc.dir/HAVE_USBHID_H.c.o   -c /home/lukasz/Downloads/freeglut-3.2.1/CMakeFiles/CheckIncludeFiles/HAVE_USBHID_H.c
/home/lukasz/Downloads/freeglut-3.2.1/CMakeFiles/CheckIncludeFiles/HAVE_USBHID_H.c:2:10: fatal error: usbhid.h: No such file or directory
    2 | #include <usbhid.h>
      |          ^~~~~~~~~~
compilation terminated.
make[1]: *** [CMakeFiles/cmTC_dc4bc.dir/build.make:66: CMakeFiles/cmTC_dc4bc.dir/HAVE_USBHID_H.c.o] Error 1
make[1]: Leaving directory '/home/lukasz/Downloads/freeglut-3.2.1/CMakeFiles/CMakeTmp'
make: *** [Makefile:121: cmTC_dc4bc/fast] Error 2


Source:
/* */
#include <usbhid.h>


int main(void){return 0;}

Determining if the function XParseGeometry exists failed with the following output:
Change Dir: /home/lukasz/Downloads/freeglut-3.2.1/CMakeFiles/CMakeTmp

Run Build Command(s):/usr/bin/make cmTC_84e4d/fast && /usr/bin/make -f CMakeFiles/cmTC_84e4d.dir/build.make CMakeFiles/cmTC_84e4d.dir/build
make[1]: Entering directory '/home/lukasz/Downloads/freeglut-3.2.1/CMakeFiles/CMakeTmp'
Building C object CMakeFiles/cmTC_84e4d.dir/CheckFunctionExists.c.o
/usr/bin/cc   -Wall -pedantic -DCHECK_FUNCTION_EXISTS=XParseGeometry   -o CMakeFiles/cmTC_84e4d.dir/CheckFunctionExists.c.o   -c /usr/share/cmake-3.16/Modules/CheckFunctionExists.c
Linking C executable cmTC_84e4d
/usr/bin/cmake -E cmake_link_script CMakeFiles/cmTC_84e4d.dir/link.txt --verbose=1
/usr/bin/cc  -Wall -pedantic -DCHECK_FUNCTION_EXISTS=XParseGeometry    -rdynamic CMakeFiles/cmTC_84e4d.dir/CheckFunctionExists.c.o  -o cmTC_84e4d  -lm 
/usr/bin/ld: CMakeFiles/cmTC_84e4d.dir/CheckFunctionExists.c.o: in function `main':
CheckFunctionExists.c:(.text+0x14): undefined reference to `XParseGeometry'
collect2: error: ld returned 1 exit status
make[1]: *** [CMakeFiles/cmTC_84e4d.dir/build.make:87: cmTC_84e4d] Error 1
make[1]: Leaving directory '/home/lukasz/Downloads/freeglut-3.2.1/CMakeFiles/CMakeTmp'
make: *** [Makefile:121: cmTC_84e4d/fast] Error 2



